

Started GET "/" for 127.0.0.1 at 2014-01-12 11:53:27 +0200
Processing by Rails::WelcomeController#index as HTML
  Rendered /Users/karkanevgenij/.rvm/gems/ruby-1.9.3-p448/gems/railties-4.0.2/lib/rails/templates/rails/welcome/index.html.erb (11.1ms)
Completed 200 OK in 78ms (Views: 43.7ms | ActiveRecord: 0.0ms)


Started GET "/" for 127.0.0.1 at 2014-01-12 11:53:28 +0200
Processing by Rails::WelcomeController#index as HTML
  Rendered /Users/karkanevgenij/.rvm/gems/ruby-1.9.3-p448/gems/railties-4.0.2/lib/rails/templates/rails/welcome/index.html.erb (0.1ms)
Completed 200 OK in 2ms (Views: 1.8ms | ActiveRecord: 0.0ms)


Started GET "/" for 127.0.0.1 at 2014-01-12 11:53:42 +0200
Processing by Rails::WelcomeController#index as HTML
  Rendered /Users/karkanevgenij/.rvm/gems/ruby-1.9.3-p448/gems/railties-4.0.2/lib/rails/templates/rails/welcome/index.html.erb (0.1ms)
Completed 200 OK in 2ms (Views: 1.9ms | ActiveRecord: 0.0ms)


Started GET "/rails/info/properties" for 127.0.0.1 at 2014-01-12 11:53:46 +0200
Processing by Rails::InfoController#properties as */*
  Rendered /Users/karkanevgenij/.rvm/gems/ruby-1.9.3-p448/gems/railties-4.0.2/lib/rails/templates/rails/info/properties.html.erb (0.5ms)
Completed 200 OK in 27ms (Views: 11.0ms | ActiveRecord: 2.2ms)


Started GET "/" for 127.0.0.1 at 2014-01-12 11:54:55 +0200
Processing by Rails::WelcomeController#index as HTML
  Rendered /Users/karkanevgenij/.rvm/gems/ruby-1.9.3-p448/gems/railties-4.0.2/lib/rails/templates/rails/welcome/index.html.erb (0.2ms)
Completed 200 OK in 4ms (Views: 3.1ms | ActiveRecord: 0.0ms)


Started GET "/" for 127.0.0.1 at 2014-01-12 19:47:11 +0200
Processing by Rails::WelcomeController#index as HTML
  Rendered /Users/karkanevgenij/.rvm/gems/ruby-2.1.0/gems/railties-4.0.2/lib/rails/templates/rails/welcome/index.html.erb (1.6ms)
Completed 200 OK in 27ms (Views: 7.5ms | ActiveRecord: 0.0ms)
